<?xml version="1.0" encoding="UTF-8"?>
<!-- Generated by org.testng.reporters.JUnitReportReporter -->
<testsuite skipped="0" hostname="hp" name="com.myshopify.ecom_optimus.tests.SearchAndAddToCart" tests="4" failures="0" timestamp="24 May 2020 20:29:14 GMT" time="191.367" errors="0">
  <testcase name="searchProductAndAddToCart" time="54.409" classname="com.myshopify.ecom_optimus.tests.SearchAndAddToCart"/>
  <testcase name="increaseProductQuantityAndValidatePrice" time="45.966" classname="com.myshopify.ecom_optimus.tests.SearchAndAddToCart"/>
  <testcase name="addProductFromFeaturedCollection" time="40.723" classname="com.myshopify.ecom_optimus.tests.SearchAndAddToCart"/>
  <testcase name="addProductsWithMultipleSizes" time="50.269" classname="com.myshopify.ecom_optimus.tests.SearchAndAddToCart"/>
</testsuite> <!-- com.myshopify.ecom_optimus.tests.SearchAndAddToCart -->
